<?xml version="1.0" encoding="UTF-8"?>
<!-- Generated by org.testng.reporters.JUnitReportReporter -->
<testsuite skipped="0" hostname="DESKTOP-2CQ29RC" name="AutomationPractice.PracticeCode.ExtentreportSelenium" tests="2" failures="0" timestamp="2021-11-18T08:12:24 IST" time="5.521" errors="0">
  <testcase name="signup" time="2.430" classname="AutomationPractice.PracticeCode.ExtentreportSelenium"/>
  <system-out/>
  <testcase name="Select" time="3.091" classname="AutomationPractice.PracticeCode.ExtentreportSelenium"/>
  <system-out/>
</testsuite> <!-- AutomationPractice.PracticeCode.ExtentreportSelenium -->
